{"@timestamp":"2026-01-20T23:20:11.9121911+03:00","@version":"1","message":"HV000001: Hibernate Validator 9.0.1.Final","logger_name":"org.hibernate.validator.internal.util.Version","thread_name":"background-preinit","level":"INFO","level_value":20000}
{"@timestamp":"2026-01-20T23:20:12.0678265+03:00","@version":"1","message":"Starting Jclo202602Application using Java 23.0.1 with PID 12100 (D:\\Courses.IT\\NETOLOGY.Java Developer\\Модуль 08 Spring boot, deployment и инфраструктура\\jclo-2026-02\\target\\classes started by ladyKes in D:\\Courses.IT\\NETOLOGY.Java Developer\\Модуль 08 Spring boot, deployment и инфраструктура\\jclo-2026-02)","logger_name":"org.example.jclo_2026_02.Jclo202602Application","thread_name":"main","level":"INFO","level_value":20000,"tags":["COMMONS-LOGGING"]}
{"@timestamp":"2026-01-20T23:20:12.073018+03:00","@version":"1","message":"No active profile set, falling back to 1 default profile: \"default\"","logger_name":"org.example.jclo_2026_02.Jclo202602Application","thread_name":"main","level":"INFO","level_value":20000,"tags":["COMMONS-LOGGING"]}
{"@timestamp":"2026-01-20T23:20:16.6713022+03:00","@version":"1","message":"Tomcat initialized with port 8081 (http)","logger_name":"org.springframework.boot.tomcat.TomcatWebServer","thread_name":"main","level":"INFO","level_value":20000,"tags":["COMMONS-LOGGING"]}
{"@timestamp":"2026-01-20T23:20:16.7139661+03:00","@version":"1","message":"Initializing ProtocolHandler [\"http-nio-8081\"]","logger_name":"org.apache.coyote.http11.Http11NioProtocol","thread_name":"main","level":"INFO","level_value":20000}
{"@timestamp":"2026-01-20T23:20:16.7231867+03:00","@version":"1","message":"Starting service [Tomcat]","logger_name":"org.apache.catalina.core.StandardService","thread_name":"main","level":"INFO","level_value":20000}
{"@timestamp":"2026-01-20T23:20:16.7241847+03:00","@version":"1","message":"Starting Servlet engine: [Apache Tomcat/11.0.15]","logger_name":"org.apache.catalina.core.StandardEngine","thread_name":"main","level":"INFO","level_value":20000}
{"@timestamp":"2026-01-20T23:20:17.2709971+03:00","@version":"1","message":"Root WebApplicationContext: initialization completed in 4977 ms","logger_name":"org.springframework.boot.web.context.servlet.WebApplicationContextInitializer","thread_name":"main","level":"INFO","level_value":20000,"tags":["COMMONS-LOGGING"]}
{"@timestamp":"2026-01-20T23:20:19.923915+03:00","@version":"1","message":"Exposing 1 endpoint beneath base path '/actuator'","logger_name":"org.springframework.boot.actuate.endpoint.web.EndpointLinksResolver","thread_name":"main","level":"INFO","level_value":20000,"tags":["COMMONS-LOGGING"]}
{"@timestamp":"2026-01-20T23:20:20.2372191+03:00","@version":"1","message":"Starting ProtocolHandler [\"http-nio-8081\"]","logger_name":"org.apache.coyote.http11.Http11NioProtocol","thread_name":"main","level":"INFO","level_value":20000}
{"@timestamp":"2026-01-20T23:20:20.7221841+03:00","@version":"1","message":"Tomcat started on port 8081 (http) with context path '/'","logger_name":"org.springframework.boot.tomcat.TomcatWebServer","thread_name":"main","level":"INFO","level_value":20000,"tags":["COMMONS-LOGGING"]}
{"@timestamp":"2026-01-20T23:20:20.8283527+03:00","@version":"1","message":"Started Jclo202602Application in 10.871 seconds (process running for 12.841)","logger_name":"org.example.jclo_2026_02.Jclo202602Application","thread_name":"main","level":"INFO","level_value":20000,"tags":["COMMONS-LOGGING"]}
{"@timestamp":"2026-01-20T23:20:49.8043816+03:00","@version":"1","message":"Initializing Spring DispatcherServlet 'dispatcherServlet'","logger_name":"org.apache.catalina.core.ContainerBase.[Tomcat].[localhost].[/]","thread_name":"http-nio-8081-exec-2","level":"INFO","level_value":20000}
{"@timestamp":"2026-01-20T23:20:49.8053823+03:00","@version":"1","message":"Initializing Servlet 'dispatcherServlet'","logger_name":"org.springframework.web.servlet.DispatcherServlet","thread_name":"http-nio-8081-exec-2","level":"INFO","level_value":20000,"tags":["COMMONS-LOGGING"]}
{"@timestamp":"2026-01-20T23:20:49.8083832+03:00","@version":"1","message":"Completed initialization in 3 ms","logger_name":"org.springframework.web.servlet.DispatcherServlet","thread_name":"http-nio-8081-exec-2","level":"INFO","level_value":20000,"tags":["COMMONS-LOGGING"]}
{"@timestamp":"2026-01-20T23:20:49.9149572+03:00","@version":"1","message":"Current profile is production","logger_name":"system log","thread_name":"http-nio-8081-exec-2","level":"INFO","level_value":20000}
{"@timestamp":"2026-01-20T23:20:56.3551148+03:00","@version":"1","message":"Current profile is production","logger_name":"system log","thread_name":"http-nio-8081-exec-10","level":"INFO","level_value":20000}
{"@timestamp":"2026-01-20T23:23:00.6817978+03:00","@version":"1","message":"Current profile is production","logger_name":"system log","thread_name":"http-nio-8081-exec-5","level":"INFO","level_value":20000}
{"@timestamp":"2026-01-20T23:23:02.0488072+03:00","@version":"1","message":"Current profile is production","logger_name":"system log","thread_name":"http-nio-8081-exec-8","level":"INFO","level_value":20000}
{"@timestamp":"2026-01-20T23:23:52.9874628+03:00","@version":"1","message":"Commencing graceful shutdown. Waiting for active requests to complete","logger_name":"org.springframework.boot.tomcat.GracefulShutdown","thread_name":"SpringApplicationShutdownHook","level":"INFO","level_value":20000,"tags":["COMMONS-LOGGING"]}
{"@timestamp":"2026-01-20T23:23:52.9994638+03:00","@version":"1","message":"Graceful shutdown complete","logger_name":"org.springframework.boot.tomcat.GracefulShutdown","thread_name":"tomcat-shutdown","level":"INFO","level_value":20000,"tags":["COMMONS-LOGGING"]}
{"@timestamp":"2026-01-20T23:24:52.208138+03:00","@version":"1","message":"HV000001: Hibernate Validator 9.0.1.Final","logger_name":"org.hibernate.validator.internal.util.Version","thread_name":"background-preinit","level":"INFO","level_value":20000}
{"@timestamp":"2026-01-20T23:24:52.3070935+03:00","@version":"1","message":"Starting Jclo202602Application using Java 23.0.1 with PID 6928 (D:\\Courses.IT\\NETOLOGY.Java Developer\\Модуль 08 Spring boot, deployment и инфраструктура\\jclo-2026-02\\target\\classes started by ladyKes in D:\\Courses.IT\\NETOLOGY.Java Developer\\Модуль 08 Spring boot, deployment и инфраструктура\\jclo-2026-02)","logger_name":"org.example.jclo_2026_02.Jclo202602Application","thread_name":"main","level":"INFO","level_value":20000,"tags":["COMMONS-LOGGING"]}
{"@timestamp":"2026-01-20T23:24:52.3120947+03:00","@version":"1","message":"No active profile set, falling back to 1 default profile: \"default\"","logger_name":"org.example.jclo_2026_02.Jclo202602Application","thread_name":"main","level":"INFO","level_value":20000,"tags":["COMMONS-LOGGING"]}
{"@timestamp":"2026-01-20T23:24:57.8321399+03:00","@version":"1","message":"Tomcat initialized with port 8081 (http)","logger_name":"org.springframework.boot.tomcat.TomcatWebServer","thread_name":"main","level":"INFO","level_value":20000,"tags":["COMMONS-LOGGING"]}
{"@timestamp":"2026-01-20T23:24:57.8899109+03:00","@version":"1","message":"Initializing ProtocolHandler [\"http-nio-8081\"]","logger_name":"org.apache.coyote.http11.Http11NioProtocol","thread_name":"main","level":"INFO","level_value":20000}
{"@timestamp":"2026-01-20T23:24:57.8973917+03:00","@version":"1","message":"Starting service [Tomcat]","logger_name":"org.apache.catalina.core.StandardService","thread_name":"main","level":"INFO","level_value":20000}
{"@timestamp":"2026-01-20T23:24:57.8983647+03:00","@version":"1","message":"Starting Servlet engine: [Apache Tomcat/11.0.15]","logger_name":"org.apache.catalina.core.StandardEngine","thread_name":"main","level":"INFO","level_value":20000}
{"@timestamp":"2026-01-20T23:24:58.1743765+03:00","@version":"1","message":"Root WebApplicationContext: initialization completed in 5677 ms","logger_name":"org.springframework.boot.web.context.servlet.WebApplicationContextInitializer","thread_name":"main","level":"INFO","level_value":20000,"tags":["COMMONS-LOGGING"]}
{"@timestamp":"2026-01-20T23:25:00.3356113+03:00","@version":"1","message":"Exposing 1 endpoint beneath base path '/actuator'","logger_name":"org.springframework.boot.actuate.endpoint.web.EndpointLinksResolver","thread_name":"main","level":"INFO","level_value":20000,"tags":["COMMONS-LOGGING"]}
{"@timestamp":"2026-01-20T23:25:00.5251479+03:00","@version":"1","message":"Starting ProtocolHandler [\"http-nio-8081\"]","logger_name":"org.apache.coyote.http11.Http11NioProtocol","thread_name":"main","level":"INFO","level_value":20000}
{"@timestamp":"2026-01-20T23:25:00.6282352+03:00","@version":"1","message":"Tomcat started on port 8081 (http) with context path '/'","logger_name":"org.springframework.boot.tomcat.TomcatWebServer","thread_name":"main","level":"INFO","level_value":20000,"tags":["COMMONS-LOGGING"]}
{"@timestamp":"2026-01-20T23:25:00.6632229+03:00","@version":"1","message":"Started Jclo202602Application in 9.707 seconds (process running for 11.365)","logger_name":"org.example.jclo_2026_02.Jclo202602Application","thread_name":"main","level":"INFO","level_value":20000,"tags":["COMMONS-LOGGING"]}
{"@timestamp":"2026-01-20T23:25:39.6563096+03:00","@version":"1","message":"Initializing Spring DispatcherServlet 'dispatcherServlet'","logger_name":"org.apache.catalina.core.ContainerBase.[Tomcat].[localhost].[/]","thread_name":"http-nio-8081-exec-1","level":"INFO","level_value":20000}
{"@timestamp":"2026-01-20T23:25:39.6573083+03:00","@version":"1","message":"Initializing Servlet 'dispatcherServlet'","logger_name":"org.springframework.web.servlet.DispatcherServlet","thread_name":"http-nio-8081-exec-1","level":"INFO","level_value":20000,"tags":["COMMONS-LOGGING"]}
{"@timestamp":"2026-01-20T23:25:39.6645008+03:00","@version":"1","message":"Completed initialization in 6 ms","logger_name":"org.springframework.web.servlet.DispatcherServlet","thread_name":"http-nio-8081-exec-1","level":"INFO","level_value":20000,"tags":["COMMONS-LOGGING"]}
{"@timestamp":"2026-01-20T23:25:39.7854258+03:00","@version":"1","message":"Current profile is dev","logger_name":"system log","thread_name":"http-nio-8081-exec-1","level":"INFO","level_value":20000}
{"@timestamp":"2026-01-20T23:27:37.7709588+03:00","@version":"1","message":"Commencing graceful shutdown. Waiting for active requests to complete","logger_name":"org.springframework.boot.tomcat.GracefulShutdown","thread_name":"SpringApplicationShutdownHook","level":"INFO","level_value":20000,"tags":["COMMONS-LOGGING"]}
{"@timestamp":"2026-01-20T23:27:37.8050277+03:00","@version":"1","message":"Graceful shutdown complete","logger_name":"org.springframework.boot.tomcat.GracefulShutdown","thread_name":"tomcat-shutdown","level":"INFO","level_value":20000,"tags":["COMMONS-LOGGING"]}
